ISim log file
Running: C:\Users\da1866\Desktop\FinalProject\tb_final_isim_beh.exe -intstyle ise -gui -tclbatch isim.cmd -wdb C:/Users/da1866/Desktop/FinalProject/tb_final_isim_beh.wdb 
ISim P.20131013 (signature 0x7708f090)
WARNING: A WEBPACK license was found.
WARNING: Please use Xilinx License Configuration Manager to check out a full ISim license.
WARNING: ISim will run in Lite mode. Please refer to the ISim documentation for more information on the differences between the Lite and the Full version.
This is a Lite version of ISim.
Time resolution is 1 ps
# onerror resume
# wave add /
# run 1000 ns
Simulator is doing circuit initialization process.
at 0 ps, Instance /tb_final/uut/ALU_inst/ : Warning: There is an 'U'|'X'|'W'|'Z'|'-' in an arithmetic operand, the result will be 'X'(es).
at 0 ps, Instance /tb_final/uut/DECCON/RSD/ : Warning: NUMERIC_STD.TO_INTEGER: metavalue detected, returning 0
at 0 ps, Instance /tb_final/uut/DECCON/RSD/ : Warning: NUMERIC_STD.TO_INTEGER: metavalue detected, returning 0
at 0 ps, Instance /tb_final/uut/Instructions_ROM_inst/ : Warning: NUMERIC_STD.TO_INTEGER: metavalue detected, returning 0
Finished circuit initialization process.
at 5 ns(1), Instance /tb_final/uut/DECCON/RSD/ : Warning: NUMERIC_STD.TO_INTEGER: metavalue detected, returning 0
at 5 ns(2), Instance /tb_final/uut/DECCON/RSD/ : Warning: NUMERIC_STD.TO_INTEGER: metavalue detected, returning 0
at 5 ns(2), Instance /tb_final/uut/DECCON/RSD/ : Warning: NUMERIC_STD.TO_INTEGER: metavalue detected, returning 0
at 15 ns(1), Instance /tb_final/uut/DECCON/RSD/ : Warning: NUMERIC_STD.TO_INTEGER: metavalue detected, returning 0
at 25 ns(1), Instance /tb_final/uut/DECCON/RSD/ : Warning: NUMERIC_STD.TO_INTEGER: metavalue detected, returning 0
at 35 ns(1), Instance /tb_final/uut/DECCON/RSD/ : Warning: NUMERIC_STD.TO_INTEGER: metavalue detected, returning 0
at 45 ns(1), Instance /tb_final/uut/DECCON/RSD/ : Warning: NUMERIC_STD.TO_INTEGER: metavalue detected, returning 0
at 55 ns(1), Instance /tb_final/uut/DECCON/RSD/ : Warning: NUMERIC_STD.TO_INTEGER: metavalue detected, returning 0
at 65 ns(1), Instance /tb_final/uut/DECCON/RSD/ : Warning: NUMERIC_STD.TO_INTEGER: metavalue detected, returning 0
at 75 ns(1), Instance /tb_final/uut/DECCON/RSD/ : Warning: NUMERIC_STD.TO_INTEGER: metavalue detected, returning 0
at 85 ns(1), Instance /tb_final/uut/DECCON/RSD/ : Warning: NUMERIC_STD.TO_INTEGER: metavalue detected, returning 0
at 95 ns(1), Instance /tb_final/uut/DECCON/RSD/ : Warning: NUMERIC_STD.TO_INTEGER: metavalue detected, returning 0
at 105 ns(1), Instance /tb_final/uut/DECCON/RSD/ : Warning: NUMERIC_STD.TO_INTEGER: metavalue detected, returning 0
at 115 ns(1), Instance /tb_final/uut/DECCON/RSD/ : Warning: NUMERIC_STD.TO_INTEGER: metavalue detected, returning 0
at 125 ns(1), Instance /tb_final/uut/DECCON/RSD/ : Warning: NUMERIC_STD.TO_INTEGER: metavalue detected, returning 0
at 135 ns(1), Instance /tb_final/uut/DECCON/RSD/ : Warning: NUMERIC_STD.TO_INTEGER: metavalue detected, returning 0
at 145 ns(1), Instance /tb_final/uut/DECCON/RSD/ : Warning: NUMERIC_STD.TO_INTEGER: metavalue detected, returning 0
at 155 ns(1), Instance /tb_final/uut/DECCON/RSD/ : Warning: NUMERIC_STD.TO_INTEGER: metavalue detected, returning 0
at 165 ns(1), Instance /tb_final/uut/DECCON/RSD/ : Warning: NUMERIC_STD.TO_INTEGER: metavalue detected, returning 0
at 175 ns(1), Instance /tb_final/uut/DECCON/RSD/ : Warning: NUMERIC_STD.TO_INTEGER: metavalue detected, returning 0
at 185 ns(1), Instance /tb_final/uut/DECCON/RSD/ : Warning: NUMERIC_STD.TO_INTEGER: metavalue detected, returning 0
at 195 ns(1), Instance /tb_final/uut/DECCON/RSD/ : Warning: NUMERIC_STD.TO_INTEGER: metavalue detected, returning 0
at 200 ns(2), Instance /tb_final/uut/DECCON/RSD/ : Warning: NUMERIC_STD.TO_INTEGER: metavalue detected, returning 0
at 200 ns(2), Instance /tb_final/uut/DECCON/RSD/ : Warning: NUMERIC_STD.TO_INTEGER: metavalue detected, returning 0
at 200 ns(2), Instance /tb_final/uut/Instructions_ROM_inst/ : Warning: NUMERIC_STD.TO_INTEGER: metavalue detected, returning 0
# restart
ISim P.20131013 (signature 0x7708f090)
WARNING: A WEBPACK license was found.
WARNING: Please use Xilinx License Configuration Manager to check out a full ISim license.
WARNING: ISim will run in Lite mode. Please refer to the ISim documentation for more information on the differences between the Lite and the Full version.
This is a Lite version of ISim.
# run 1000 ns
Simulator is doing circuit initialization process.
at 0 ps, Instance /tb_final/uut/ALU_inst/ : Warning: There is an 'U'|'X'|'W'|'Z'|'-' in an arithmetic operand, the result will be 'X'(es).
at 0 ps, Instance /tb_final/uut/DECCON/RSD/ : Warning: NUMERIC_STD.TO_INTEGER: metavalue detected, returning 0
at 0 ps, Instance /tb_final/uut/DECCON/RSD/ : Warning: NUMERIC_STD.TO_INTEGER: metavalue detected, returning 0
at 0 ps, Instance /tb_final/uut/Instructions_ROM_inst/ : Warning: NUMERIC_STD.TO_INTEGER: metavalue detected, returning 0
Finished circuit initialization process.
at 5 ns(1), Instance /tb_final/uut/DECCON/RSD/ : Warning: NUMERIC_STD.TO_INTEGER: metavalue detected, returning 0
at 5 ns(2), Instance /tb_final/uut/DECCON/RSD/ : Warning: NUMERIC_STD.TO_INTEGER: metavalue detected, returning 0
at 5 ns(2), Instance /tb_final/uut/DECCON/RSD/ : Warning: NUMERIC_STD.TO_INTEGER: metavalue detected, returning 0
at 15 ns(1), Instance /tb_final/uut/DECCON/RSD/ : Warning: NUMERIC_STD.TO_INTEGER: metavalue detected, returning 0
at 25 ns(1), Instance /tb_final/uut/DECCON/RSD/ : Warning: NUMERIC_STD.TO_INTEGER: metavalue detected, returning 0
at 35 ns(1), Instance /tb_final/uut/DECCON/RSD/ : Warning: NUMERIC_STD.TO_INTEGER: metavalue detected, returning 0
at 45 ns(1), Instance /tb_final/uut/DECCON/RSD/ : Warning: NUMERIC_STD.TO_INTEGER: metavalue detected, returning 0
at 55 ns(1), Instance /tb_final/uut/DECCON/RSD/ : Warning: NUMERIC_STD.TO_INTEGER: metavalue detected, returning 0
at 65 ns(1), Instance /tb_final/uut/DECCON/RSD/ : Warning: NUMERIC_STD.TO_INTEGER: metavalue detected, returning 0
at 75 ns(1), Instance /tb_final/uut/DECCON/RSD/ : Warning: NUMERIC_STD.TO_INTEGER: metavalue detected, returning 0
at 85 ns(1), Instance /tb_final/uut/DECCON/RSD/ : Warning: NUMERIC_STD.TO_INTEGER: metavalue detected, returning 0
at 95 ns(1), Instance /tb_final/uut/DECCON/RSD/ : Warning: NUMERIC_STD.TO_INTEGER: metavalue detected, returning 0
at 105 ns(1), Instance /tb_final/uut/DECCON/RSD/ : Warning: NUMERIC_STD.TO_INTEGER: metavalue detected, returning 0
at 115 ns(1), Instance /tb_final/uut/DECCON/RSD/ : Warning: NUMERIC_STD.TO_INTEGER: metavalue detected, returning 0
at 125 ns(1), Instance /tb_final/uut/DECCON/RSD/ : Warning: NUMERIC_STD.TO_INTEGER: metavalue detected, returning 0
at 135 ns(1), Instance /tb_final/uut/DECCON/RSD/ : Warning: NUMERIC_STD.TO_INTEGER: metavalue detected, returning 0
at 145 ns(1), Instance /tb_final/uut/DECCON/RSD/ : Warning: NUMERIC_STD.TO_INTEGER: metavalue detected, returning 0
at 155 ns(1), Instance /tb_final/uut/DECCON/RSD/ : Warning: NUMERIC_STD.TO_INTEGER: metavalue detected, returning 0
at 165 ns(1), Instance /tb_final/uut/DECCON/RSD/ : Warning: NUMERIC_STD.TO_INTEGER: metavalue detected, returning 0
at 175 ns(1), Instance /tb_final/uut/DECCON/RSD/ : Warning: NUMERIC_STD.TO_INTEGER: metavalue detected, returning 0
at 185 ns(1), Instance /tb_final/uut/DECCON/RSD/ : Warning: NUMERIC_STD.TO_INTEGER: metavalue detected, returning 0
at 195 ns(1), Instance /tb_final/uut/DECCON/RSD/ : Warning: NUMERIC_STD.TO_INTEGER: metavalue detected, returning 0
at 200 ns(2), Instance /tb_final/uut/DECCON/RSD/ : Warning: NUMERIC_STD.TO_INTEGER: metavalue detected, returning 0
at 200 ns(2), Instance /tb_final/uut/DECCON/RSD/ : Warning: NUMERIC_STD.TO_INTEGER: metavalue detected, returning 0
at 200 ns(2), Instance /tb_final/uut/Instructions_ROM_inst/ : Warning: NUMERIC_STD.TO_INTEGER: metavalue detected, returning 0
